<?xml version="1.0" encoding="UTF-8"?>
<!-- Generated by org.testng.reporters.JUnitXMLReporter -->
<testsuite ignored="0" hostname="SushmithaLENOVO" failures="0" tests="2" name="Test" time="0.089" errors="0" timestamp="2024-02-21T14:48:18 IST">
  <testcase classname="com.demowebshop.LoginTest" name="TC_Login_001" time="0.0">
    <skipped/>
  </testcase> <!-- TC_Login_001 -->
  <testcase classname="com.demowebshop.RegisterTest" name="TC_Register_001" time="0.0">
    <skipped/>
  </testcase> <!-- TC_Register_001 -->
</testsuite> <!-- Test -->
