<?xml version="1.0" encoding="UTF-8"?>
<testng-results ignored="0" total="1" passed="1" failed="0" skipped="0">
  <reporter-output>
  </reporter-output>
  <suite started-at="2024-02-22T21:47:28 IST" name="Default suite" finished-at="2024-02-22T21:47:43 IST" duration-ms="14760">
    <groups>
    </groups>
    <test started-at="2024-02-22T21:47:28 IST" name="Default test" finished-at="2024-02-22T21:47:43 IST" duration-ms="14760">
      <class name="com.demowebshop.AddToCartTest">
        <test-method is-config="true" signature="reportConfig()[pri:0, instance:com.demowebshop.AddToCartTest@2e3967ea]" started-at="2024-02-22T21:47:28 IST" name="reportConfig" finished-at="2024-02-22T21:47:28 IST" duration-ms="553" status="PASS">
          <reporter-output>
          </reporter-output>
        </test-method> <!-- reportConfig -->
        <test-method is-config="true" signature="browsersetUp(java.lang.reflect.Method)[pri:0, instance:com.demowebshop.AddToCartTest@2e3967ea]" started-at="2024-02-22T21:47:30 IST" name="browsersetUp" finished-at="2024-02-22T21:47:38 IST" duration-ms="7706" status="PASS">
          <params>
            <param index="0">
              <value>
                <![CDATA[public void com.demowebshop.AddToCartTest.TC_ShoppingCart_001(java.lang.String,java.lang.String)]]>
              </value>
            </param>
          </params>
          <reporter-output>
          </reporter-output>
        </test-method> <!-- browsersetUp -->
        <test-method signature="TC_ShoppingCart_001(java.lang.String,java.lang.String)[pri:0, instance:com.demowebshop.AddToCartTest@2e3967ea]" started-at="2024-02-22T21:47:38 IST" name="TC_ShoppingCart_001" data-provider="addToCart" finished-at="2024-02-22T21:47:42 IST" duration-ms="4811" status="PASS">
          <params>
            <param index="0">
              <value>
                <![CDATA[sush213@gmail.com]]>
              </value>
            </param>
            <param index="1">
              <value>
                <![CDATA[password@123]]>
              </value>
            </param>
          </params>
          <reporter-output>
          </reporter-output>
        </test-method> <!-- TC_ShoppingCart_001 -->
        <test-method is-config="true" signature="browserTeardown()[pri:0, instance:com.demowebshop.AddToCartTest@2e3967ea]" started-at="2024-02-22T21:47:42 IST" name="browserTeardown" finished-at="2024-02-22T21:47:43 IST" duration-ms="708" status="PASS">
          <reporter-output>
          </reporter-output>
        </test-method> <!-- browserTeardown -->
        <test-method is-config="true" signature="reportFlush()[pri:0, instance:com.demowebshop.AddToCartTest@2e3967ea]" started-at="2024-02-22T21:47:43 IST" name="reportFlush" finished-at="2024-02-22T21:47:45 IST" duration-ms="2219" status="PASS">
          <reporter-output>
          </reporter-output>
        </test-method> <!-- reportFlush -->
      </class> <!-- com.demowebshop.AddToCartTest -->
    </test> <!-- Default test -->
  </suite> <!-- Default suite -->
</testng-results>
